<?xml version="1.0" encoding="UTF-8"?>
<testng-results ignored="0" total="1" passed="1" failed="0" skipped="0">
  <reporter-output>
  </reporter-output>
  <suite started-at="2022-07-01T23:39:32Z" name="Default suite" finished-at="2022-07-01T23:39:35Z" duration-ms="3722">
    <groups>
    </groups>
    <test started-at="2022-07-01T23:39:32Z" name="Default test" finished-at="2022-07-01T23:39:35Z" duration-ms="3722">
      <class name="test.AddCatagoryTest">
        <test-method is-config="true" signature="openBrowser()[pri:0, instance:test.AddCatagoryTest@3370f42]" started-at="2022-07-01T23:39:32Z" name="openBrowser" finished-at="2022-07-01T23:39:34Z" duration-ms="2102" status="PASS">
          <reporter-output>
          </reporter-output>
        </test-method> <!-- openBrowser -->
        <test-method signature="ShouldBeAbletoAddCategory()[pri:0, instance:test.AddCatagoryTest@3370f42]" started-at="2022-07-01T23:39:34Z" name="ShouldBeAbletoAddCategory" finished-at="2022-07-01T23:39:35Z" duration-ms="1484" status="PASS">
          <reporter-output>
          </reporter-output>
        </test-method> <!-- ShouldBeAbletoAddCategory -->
        <test-method is-config="true" signature="teardown()[pri:0, instance:test.AddCatagoryTest@3370f42]" started-at="2022-07-01T23:39:35Z" name="teardown" finished-at="2022-07-01T23:39:35Z" duration-ms="119" status="PASS">
          <reporter-output>
          </reporter-output>
        </test-method> <!-- teardown -->
      </class> <!-- test.AddCatagoryTest -->
    </test> <!-- Default test -->
  </suite> <!-- Default suite -->
</testng-results>
